<?xml version="1.0" encoding="UTF-8"?>
<testng-results ignored="0" total="2" passed="2" failed="0" skipped="0">
  <reporter-output>
  </reporter-output>
  <suite started-at="2024-02-08T15:20:49 IST" name="Default suite" finished-at="2024-02-08T15:20:56 IST" duration-ms="7047">
    <groups>
    </groups>
    <test started-at="2024-02-08T15:20:49 IST" name="Default test" finished-at="2024-02-08T15:20:56 IST" duration-ms="7047">
      <class name="com.login.LoginSpringMVCTesting">
        <test-method is-config="true" signature="beforeClass()[pri:0, instance:com.login.LoginSpringMVCTesting@32502377]" started-at="2024-02-08T15:20:49 IST" name="beforeClass" finished-at="2024-02-08T15:20:49 IST" duration-ms="6" status="PASS">
          <reporter-output>
          </reporter-output>
        </test-method> <!-- beforeClass -->
        <test-method is-config="true" signature="beforeMethod()[pri:0, instance:com.login.LoginSpringMVCTesting@32502377]" started-at="2024-02-08T15:20:49 IST" name="beforeMethod" finished-at="2024-02-08T15:20:52 IST" duration-ms="3214" status="PASS">
          <reporter-output>
          </reporter-output>
        </test-method> <!-- beforeMethod -->
        <test-method signature="InValidEmailIdAndPasswordTest()[pri:3, instance:com.login.LoginSpringMVCTesting@32502377]" started-at="2024-02-08T15:20:52 IST" name="InValidEmailIdAndPasswordTest" finished-at="2024-02-08T15:20:52 IST" duration-ms="414" status="PASS">
          <reporter-output>
          </reporter-output>
        </test-method> <!-- InValidEmailIdAndPasswordTest -->
        <test-method is-config="true" signature="afterClass()[pri:0, instance:com.login.LoginSpringMVCTesting@32502377]" started-at="2024-02-08T15:20:52 IST" name="afterClass" finished-at="2024-02-08T15:20:52 IST" duration-ms="221" status="PASS">
          <reporter-output>
          </reporter-output>
        </test-method> <!-- afterClass -->
        <test-method is-config="true" signature="beforeMethod()[pri:0, instance:com.login.LoginSpringMVCTesting@32502377]" started-at="2024-02-08T15:20:52 IST" name="beforeMethod" finished-at="2024-02-08T15:20:55 IST" duration-ms="2592" status="PASS">
          <reporter-output>
          </reporter-output>
        </test-method> <!-- beforeMethod -->
        <test-method signature="ValidEmailIdAndPasswordTest()[pri:4, instance:com.login.LoginSpringMVCTesting@32502377]" started-at="2024-02-08T15:20:55 IST" name="ValidEmailIdAndPasswordTest" finished-at="2024-02-08T15:20:55 IST" duration-ms="406" status="PASS">
          <reporter-output>
          </reporter-output>
        </test-method> <!-- ValidEmailIdAndPasswordTest -->
        <test-method is-config="true" signature="afterClass()[pri:0, instance:com.login.LoginSpringMVCTesting@32502377]" started-at="2024-02-08T15:20:55 IST" name="afterClass" finished-at="2024-02-08T15:20:56 IST" duration-ms="154" status="PASS">
          <reporter-output>
          </reporter-output>
        </test-method> <!-- afterClass -->
      </class> <!-- com.login.LoginSpringMVCTesting -->
    </test> <!-- Default test -->
  </suite> <!-- Default suite -->
</testng-results>
