<?xml version="1.0" encoding="UTF-8"?>
<!-- Generated by org.testng.reporters.JUnitXMLReporter -->
<testsuite ignored="0" hostname="Hp" failures="0" tests="4" name="Test" time="12.174" errors="0" timestamp="2024-02-08T14:34:53 IST">
  <testcase classname="com.login.LoginTesting" name="emailIdRequiredTest" time="0.21"/>
  <testcase classname="com.login.LoginTesting" name="passwordRequiredTest" time="0.67"/>
  <testcase classname="com.login.LoginTesting" name="InValidEmailIdAndPasswordTest" time="0.8"/>
  <testcase classname="com.login.LoginTesting" name="IValidEmailIdAndPasswordTest" time="0.804"/>
</testsuite> <!-- Test -->
