<?xml version="1.0" encoding="UTF-8"?>
<!-- Generated by org.testng.reporters.JUnitXMLReporter -->
<testsuite ignored="0" hostname="Hp" failures="0" tests="4" name="Default test" time="12.497" errors="0" timestamp="2024-02-08T14:33:46 IST">
  <testcase classname="com.login.LoginTesting" name="emailIdRequiredTest" time="0.224"/>
  <testcase classname="com.login.LoginTesting" name="passwordRequiredTest" time="0.581"/>
  <testcase classname="com.login.LoginTesting" name="InValidEmailIdAndPasswordTest" time="0.703"/>
  <testcase classname="com.login.LoginTesting" name="IValidEmailIdAndPasswordTest" time="0.974"/>
</testsuite> <!-- Default test -->
