<?xml version="1.0" encoding="UTF-8"?>
<!-- Generated by org.testng.reporters.JUnitXMLReporter -->
<testsuite ignored="5" hostname="Hp" failures="0" tests="4" name="Test" time="0.046" errors="0" timestamp="2024-02-06T15:35:54 IST">
  <testcase classname="com.service.BikeTest" name="speedTest" time="0.007"/>
  <testcase classname="com.service.CarTest" name="mailageTest" time="0.001"/>
  <testcase classname="com.service.CarTest" name="speedTest" time="0.001"/>
  <testcase classname="com.service.BusTest" name="speedTest" time="0.002"/>
  <testcase classname="com.service.BikeTest" name="mailageTest" time="0.0">
    <ignored/>
  </testcase> <!-- mailageTest -->
  <testcase classname="com.service.BikeTest" name="colorTest" time="0.0">
    <ignored/>
  </testcase> <!-- colorTest -->
  <testcase classname="com.service.BusTest" name="mailageTest" time="0.0">
    <ignored/>
  </testcase> <!-- mailageTest -->
  <testcase classname="com.service.CarTest" name="colorTest" time="0.0">
    <ignored/>
  </testcase> <!-- colorTest -->
  <testcase classname="com.service.BusTest" name="colorTest" time="0.0">
    <ignored/>
  </testcase> <!-- colorTest -->
</testsuite> <!-- Test -->
