<?xml version="1.0" encoding="UTF-8"?>
<!-- Generated by org.testng.reporters.JUnitXMLReporter -->
<testsuite ignored="0" hostname="Hp" failures="0" tests="4" name="Default test" time="0.053" errors="0" timestamp="2024-02-06T15:19:12 IST">
  <testcase classname="com.service.TestPriority" name="ba" time="0.006"/>
  <testcase classname="com.service.TestPriority" name="bb" time="0.0"/>
  <testcase classname="com.service.TestPriority" name="a" time="0.001"/>
  <testcase classname="com.service.TestPriority" name="d" time="0.001"/>
</testsuite> <!-- Default test -->
