<?xml version="1.0" encoding="UTF-8"?>
<!-- Generated by org.testng.reporters.JUnitXMLReporter -->
<testsuite ignored="0" hostname="Hp" failures="0" tests="4" name="LoginTest" time="0.054" errors="0" timestamp="2024-02-06T14:51:47 IST">
  <testcase classname="com.service.TestNGHook" name="test1" time="0.003"/>
  <testcase classname="com.service.TestNGHook" name="test2" time="0.001"/>
  <testcase classname="com.service.LoginServiceTest" name="signInTest" time="0.003"/>
  <testcase classname="com.service.LoginServiceTest" name="signUpTest" time="0.001"/>
</testsuite> <!-- LoginTest -->
