<?xml version="1.0" encoding="UTF-8"?>
<!-- Generated by org.testng.reporters.JUnitXMLReporter -->
<testsuite ignored="1" hostname="Hp" failures="0" tests="3" name="LoginTest" time="0.058" errors="0" timestamp="2024-02-06T15:08:58 IST">
  <testcase classname="com.service.TestNGHook" name="test1" time="0.005"/>
  <testcase classname="com.service.TestNGHook" name="test2" time="0.003"/>
  <testcase classname="com.service.LoginServiceTest" name="signUpTest" time="0.005"/>
  <testcase classname="com.service.LoginServiceTest" name="signInTest" time="0.0">
    <ignored/>
  </testcase> <!-- signInTest -->
</testsuite> <!-- LoginTest -->
