<?xml version="1.0" encoding="UTF-8"?>
<testng-results ignored="0" total="6" passed="6" failed="0" skipped="0">
  <reporter-output>
  </reporter-output>
  <suite started-at="2024-02-06T14:51:46 IST" name="MySuite" finished-at="2024-02-06T14:51:47 IST" duration-ms="128">
    <groups>
    </groups>
    <test started-at="2024-02-06T14:51:46 IST" name="LoginTest" finished-at="2024-02-06T14:51:46 IST" duration-ms="54">
      <class name="com.service.LoginServiceTest">
        <test-method signature="signInTest()[pri:0, instance:com.service.LoginServiceTest@47987356]" started-at="2024-02-06T14:51:46 IST" name="signInTest" finished-at="2024-02-06T14:51:46 IST" duration-ms="3" status="PASS">
          <reporter-output>
          </reporter-output>
        </test-method> <!-- signInTest -->
        <test-method signature="signUpTest()[pri:0, instance:com.service.LoginServiceTest@47987356]" started-at="2024-02-06T14:51:46 IST" name="signUpTest" finished-at="2024-02-06T14:51:46 IST" duration-ms="1" status="PASS">
          <reporter-output>
          </reporter-output>
        </test-method> <!-- signUpTest -->
      </class> <!-- com.service.LoginServiceTest -->
      <class name="com.service.TestNGHook">
        <test-method is-config="true" signature="beforeTest()[pri:0, instance:com.service.TestNGHook@f736069]" started-at="2024-02-06T14:51:46 IST" name="beforeTest" finished-at="2024-02-06T14:51:46 IST" duration-ms="0" status="PASS">
          <reporter-output>
          </reporter-output>
        </test-method> <!-- beforeTest -->
        <test-method is-config="true" signature="beforeClass()[pri:0, instance:com.service.TestNGHook@f736069]" started-at="2024-02-06T14:51:46 IST" name="beforeClass" finished-at="2024-02-06T14:51:46 IST" duration-ms="0" status="PASS">
          <reporter-output>
          </reporter-output>
        </test-method> <!-- beforeClass -->
        <test-method is-config="true" signature="beforeMethod()[pri:0, instance:com.service.TestNGHook@f736069]" started-at="2024-02-06T14:51:46 IST" name="beforeMethod" finished-at="2024-02-06T14:51:46 IST" duration-ms="0" status="PASS">
          <reporter-output>
          </reporter-output>
        </test-method> <!-- beforeMethod -->
        <test-method signature="test1()[pri:0, instance:com.service.TestNGHook@f736069]" started-at="2024-02-06T14:51:46 IST" name="test1" finished-at="2024-02-06T14:51:46 IST" duration-ms="3" status="PASS">
          <reporter-output>
          </reporter-output>
        </test-method> <!-- test1 -->
        <test-method is-config="true" signature="afterMethod()[pri:0, instance:com.service.TestNGHook@f736069]" started-at="2024-02-06T14:51:46 IST" name="afterMethod" finished-at="2024-02-06T14:51:46 IST" duration-ms="0" status="PASS">
          <reporter-output>
          </reporter-output>
        </test-method> <!-- afterMethod -->
        <test-method is-config="true" signature="beforeMethod()[pri:0, instance:com.service.TestNGHook@f736069]" started-at="2024-02-06T14:51:46 IST" name="beforeMethod" finished-at="2024-02-06T14:51:46 IST" duration-ms="0" status="PASS">
          <reporter-output>
          </reporter-output>
        </test-method> <!-- beforeMethod -->
        <test-method signature="test2()[pri:0, instance:com.service.TestNGHook@f736069]" started-at="2024-02-06T14:51:46 IST" name="test2" finished-at="2024-02-06T14:51:46 IST" duration-ms="1" status="PASS">
          <reporter-output>
          </reporter-output>
        </test-method> <!-- test2 -->
        <test-method is-config="true" signature="afterMethod()[pri:0, instance:com.service.TestNGHook@f736069]" started-at="2024-02-06T14:51:46 IST" name="afterMethod" finished-at="2024-02-06T14:51:46 IST" duration-ms="0" status="PASS">
          <reporter-output>
          </reporter-output>
        </test-method> <!-- afterMethod -->
        <test-method is-config="true" signature="afterClass()[pri:0, instance:com.service.TestNGHook@f736069]" started-at="2024-02-06T14:51:46 IST" name="afterClass" finished-at="2024-02-06T14:51:46 IST" duration-ms="0" status="PASS">
          <reporter-output>
          </reporter-output>
        </test-method> <!-- afterClass -->
        <test-method is-config="true" signature="afterTest()[pri:0, instance:com.service.TestNGHook@f736069]" started-at="2024-02-06T14:51:46 IST" name="afterTest" finished-at="2024-02-06T14:51:46 IST" duration-ms="0" status="PASS">
          <reporter-output>
          </reporter-output>
        </test-method> <!-- afterTest -->
      </class> <!-- com.service.TestNGHook -->
    </test> <!-- LoginTest -->
    <test started-at="2024-02-06T14:51:47 IST" name="OperationTest" finished-at="2024-02-06T14:51:47 IST" duration-ms="4">
      <class name="com.service.LoginServiceTest">
        <test-method signature="signInTest()[pri:0, instance:com.service.LoginServiceTest@53ce1329]" started-at="2024-02-06T14:51:47 IST" name="signInTest" finished-at="2024-02-06T14:51:47 IST" duration-ms="0" status="PASS">
          <reporter-output>
          </reporter-output>
        </test-method> <!-- signInTest -->
        <test-method signature="signUpTest()[pri:0, instance:com.service.LoginServiceTest@53ce1329]" started-at="2024-02-06T14:51:47 IST" name="signUpTest" finished-at="2024-02-06T14:51:47 IST" duration-ms="1" status="PASS">
          <reporter-output>
          </reporter-output>
        </test-method> <!-- signUpTest -->
      </class> <!-- com.service.LoginServiceTest -->
      <class name="com.service.TestNGHook">
        <test-method is-config="true" signature="beforeSuite()[pri:0, instance:com.service.TestNGHook@f736069]" started-at="2024-02-06T14:51:46 IST" name="beforeSuite" finished-at="2024-02-06T14:51:46 IST" duration-ms="8" status="PASS">
          <reporter-output>
          </reporter-output>
        </test-method> <!-- beforeSuite -->
        <test-method is-config="true" signature="afterSuite()[pri:0, instance:com.service.TestNGHook@f736069]" started-at="2024-02-06T14:51:47 IST" name="afterSuite" finished-at="2024-02-06T14:51:47 IST" duration-ms="0" status="PASS">
          <reporter-output>
          </reporter-output>
        </test-method> <!-- afterSuite -->
      </class> <!-- com.service.TestNGHook -->
    </test> <!-- OperationTest -->
  </suite> <!-- MySuite -->
</testng-results>
